0 silly argv {
0 silly argv   _: [ 'version' ],
0 silly argv   push: false,
0 silly argv   lernaVersion: '3.22.1',
0 silly argv   '$0': '/home/raul/.yarn/bin/lerna'
0 silly argv }
1 notice cli v3.22.1
2 verbose rootPath /home/raul/Documents/dev/canvas
3 info current version 0.0.1
4 silly isAnythingCommitted
5 verbose isAnythingCommitted 1
6 silly currentBranch
7 verbose currentBranch master
8 silly hasTags
9 verbose hasTags false
10 info Assuming all packages changed
11 verbose updated @rauljs/log
12 verbose updated @rauljs/ssr
13 verbose updated @rauljs/utils
14 verbose git-describe undefined => "5c5d7d5"
15 silly git-describe parsed => {"refCount":"1","sha":"5c5d7d5","isDirty":false}
16 info execute Skipping git push
17 info execute Skipping releases
18 silly lifecycle No script for "preversion" in "root", continuing
19 silly lifecycle No script for "preversion" in "@rauljs/utils", continuing
20 silly lifecycle No script for "version" in "@rauljs/utils", continuing
21 silly lifecycle No script for "preversion" in "@rauljs/log", continuing
22 silly lifecycle No script for "version" in "@rauljs/log", continuing
23 silly lifecycle No script for "preversion" in "@rauljs/ssr", continuing
24 silly lifecycle No script for "version" in "@rauljs/ssr", continuing
25 silly lifecycle No script for "version" in "root", continuing
26 silly gitAdd [
26 silly gitAdd   'packages/utils/package.json',
26 silly gitAdd   'packages/log/package.json',
26 silly gitAdd   'packages/ssr/package.json',
26 silly gitAdd   'packages/ssr/package-lock.json',
26 silly gitAdd   'lerna.json'
26 silly gitAdd ]
27 error Error: Command failed: git add -- packages/utils/package.json packages/log/package.json packages/ssr/package.json packages/ssr/package-lock.json lerna.json
27 error fatal: Pathspec 'packages/log/package.json' is in submodule 'packages/log'
27 error
27 error     at makeError (/home/raul/.config/yarn/global/node_modules/execa/index.js:174:9)
27 error     at /home/raul/.config/yarn/global/node_modules/execa/index.js:278:16
27 error     at processTicksAndRejections (internal/process/task_queues.js:93:5)
